<?xml version="1.0" encoding="UTF-8" standalone="no"?>
<testsuite failures="0" name="cucumber.runtime.formatter.JUnitFormatter" skipped="1" tests="8" time="2.981432">
<testcase classname="RuleProcessor Manage Rules" name="Add a Rule to the RuleProcessor" time="0.483713">
<system-out><![CDATA[Given the RuleProcessor instance is up and running..........................passed
And I add a new Rule........................................................passed
Then the New Rule is listed in RuleProcessor rules list.....................passed
]]></system-out>
</testcase>
<testcase classname="RuleProcessor Manage Rules" name="Retrieve a non existing Rule from the RuleProcessor" time="0.000458">
<system-out><![CDATA[Given the RuleProcessor instance is up and running..........................passed
And I try to get an unknown Role............................................passed
Then the UnknownRuleException is raised.....................................passed
]]></system-out>
</testcase>
<testcase classname="RuleProcessor Manage Rules" name="Remove a Rule" time="0.007417">
<system-out><![CDATA[Given the RuleProcessor instance is up and running..........................passed
And I remove a Rule named "test-rule".......................................passed
Then the "test-rule" Rule does not exists anymore...........................passed
]]></system-out>
</testcase>
<testcase classname="RuleProcessor Manage RuleSets" name="Add a RuleSet" time="0.000189">
<system-out><![CDATA[Given the RuleProcessor instance is up and running..........................passed
And I add a new RuleSet.....................................................passed
Then the New RuleSet is listed in RuleProcessor ruleSet list................passed
]]></system-out>
</testcase>
<testcase classname="RuleProcessor Manage RuleSets" name="Retrieve a non existing RuleSet from the RuleProcessor" time="0.004416">
<system-out><![CDATA[Given the RuleProcessor instance is up and running..........................passed
And I try to get an "unknown" RuleSet.......................................passed
Then the UnknownRuleSetException is raised..................................passed
]]></system-out>
</testcase>
<testcase classname="RuleProcessor Manage RuleSets" name="Remove a RuleSet" time="0.00936">
<system-out><![CDATA[Given the RuleProcessor instance is up and running..........................passed
And I remove a RuleSet named "test-ruleset".................................passed
Then the set of Rules "test-ruleset" does not exists anymore................passed
]]></system-out>
</testcase>
<testcase classname="Feed the RuleEngine" name="Add a RuleProcessor" time="2.475218">
<system-out><![CDATA[Given the RuleEngine is up and running with maxPoolSize="1".................passed
And I create a new RuleProcessor............................................passed
And I add a RuleSet named "test"............................................passed
And I add MyRule to the RuleSet "test"......................................passed
And I create a new JsonObject with "{'name':'myObject','age':25, 'weight':78,'height':170,'date':'2018-09-13 12:00:00.00T000','status':'unknown'}".passed
Then Submit the RuleProcessor to the RuleEngine.............................passed
And The JsonObject named "myObject" is processed and the status is "done"...passed
]]></system-out>
</testcase>
<testcase classname="RuleEngine processing" name="Create and feed an object to RuleEngine" time="0.000661">
<skipped><![CDATA[Given the RuleProcessor instance is up and running..........................passed
And I add a new RuleSet.....................................................passed
And I add a new Rule........................................................passed
And I create a new JsonObject with "{'name':'myObject','age':25, 'weight':78,'height':170,'date':'2018-09-13 12:00:00.00T000','status':'unknown'}".passed
Then I process the JsonObject named "myObject" with the RuleProcessor with RuleSet name is "test".passed
And the JsonObject named "myObject" is processed and the status is "done"...undefined
]]></skipped>
</testcase>
</testsuite>
